<?xml version="1.0" encoding="UTF-8"?>
<!-- Generated by org.testng.reporters.JUnitReportReporter -->
<testsuite hostname="hemavijay" failures="0" tests="1" name="practice.CreateContactTest" time="9.658" errors="0" timestamp="2023-12-09T18:19:49 IST" skipped="0">
  <testcase classname="practice.CreateContactTest" name="Test1" time="9.658"/>
</testsuite> <!-- practice.CreateContactTest -->
